RUN	videogamedb.loadTesting.simulations.VideoGameDbSimulation	videogamedbsimulation	1734611237092	 	3.9.0
USER	Video Game DB Stress Test	START	1734611242664
REQUEST		Get all video games	1734611242662	1734611243127	OK	 
USER	Video Game DB Stress Test	START	1734611244646
REQUEST		Get all video games	1734611244645	1734611245103	OK	 
REQUEST		Authenticate	1734611245141	1734611245298	OK	 
USER	Video Game DB Stress Test	START	1734611246646
REQUEST		Get all video games	1734611246645	1734611247101	OK	 
REQUEST		Authenticate	1734611247105	1734611247258	OK	 
REQUEST		Create New Game - Tetris	1734611247341	1734611247499	OK	 
USER	Video Game DB Stress Test	START	1734611248645
REQUEST		Get all video games	1734611248645	1734611249101	OK	 
REQUEST		Authenticate	1734611249102	1734611249256	OK	 
REQUEST		Create New Game - Doom	1734611249261	1734611249436	OK	 
REQUEST		Get Last Posted Game - Tetris	1734611249503	1734611249659	OK	 
USER	Video Game DB Stress Test	START	1734611250646
REQUEST		Get all video games	1734611250645	1734611251104	OK	 
REQUEST		Authenticate	1734611251102	1734611251262	OK	 
REQUEST		Create New Game - SimCity 2000	1734611251259	1734611251416	OK	 
REQUEST		Get Last Posted Game - Doom	1734611251438	1734611251593	OK	 
REQUEST		Delete Game - Tetris	1734611251663	1734611251820	OK	 
USER	Video Game DB Stress Test	END	1734611251824
REQUEST		Authenticate	1734611253105	1734611253263	OK	 
REQUEST		Create New Game - Grand Theft Auto III	1734611253264	1734611253422	OK	 
REQUEST		Get Last Posted Game - SimCity 2000	1734611253418	1734611253573	OK	 
REQUEST		Delete Game - Doom	1734611253594	1734611253747	OK	 
USER	Video Game DB Stress Test	END	1734611253748
REQUEST		Create New Game - Resident Evil 4	1734611255266	1734611255420	OK	 
REQUEST		Get Last Posted Game - Grand Theft Auto III	1734611255424	1734611255576	OK	 
REQUEST		Delete Game - SimCity 2000	1734611255575	1734611255730	OK	 
USER	Video Game DB Stress Test	END	1734611255731
REQUEST		Get Last Posted Game - Resident Evil 4	1734611257422	1734611257584	OK	 
REQUEST		Delete Game - Grand Theft Auto III	1734611257578	1734611257741	OK	 
USER	Video Game DB Stress Test	END	1734611257742
REQUEST		Delete Game - Resident Evil 4	1734611259586	1734611259742	OK	 
USER	Video Game DB Stress Test	END	1734611259744
