RUN	videogamedb.loadTesting.simulations.VideoGameDbSimulation	videogamedbsimulation	1734626997439	 	3.9.0
USER	Video Game DB Stress Test	START	1734627003066
REQUEST		Get all video games	1734627003064	1734627003319	OK	 
USER	Video Game DB Stress Test	START	1734627005047
REQUEST		Get all video games	1734627005046	1734627005310	OK	 
REQUEST		Authenticate	1734627005333	1734627005427	OK	 
USER	Video Game DB Stress Test	START	1734627007047
REQUEST		Get all video games	1734627007046	1734627007310	OK	 
REQUEST		Authenticate	1734627007311	1734627007397	OK	 
REQUEST		Create New Game - Final Fantasy VII	1734627007469	1734627007555	OK	 
USER	Video Game DB Stress Test	START	1734627009047
REQUEST		Get all video games	1734627009046	1734627009305	OK	 
REQUEST		Authenticate	1734627009311	1734627009395	OK	 
REQUEST		Create New Game - Final Fantasy VII	1734627009399	1734627009482	OK	 
REQUEST		Get Last Posted Game - Final Fantasy VII	1734627009559	1734627009647	OK	 
USER	Video Game DB Stress Test	START	1734627011047
REQUEST		Get all video games	1734627011046	1734627011294	OK	 
REQUEST		Authenticate	1734627011306	1734627011390	OK	 
REQUEST		Create New Game - Grand Theft Auto III	1734627011397	1734627011483	OK	 
REQUEST		Get Last Posted Game - Final Fantasy VII	1734627011483	1734627011565	OK	 
REQUEST		Delete Game - Final Fantasy VII	1734627011650	1734627011735	OK	 
USER	Video Game DB Stress Test	END	1734627011739
REQUEST		Authenticate	1734627013296	1734627013381	OK	 
REQUEST		Create New Game - SimCity 2000	1734627013392	1734627013477	OK	 
REQUEST		Get Last Posted Game - Grand Theft Auto III	1734627013485	1734627013568	OK	 
REQUEST		Delete Game - Final Fantasy VII	1734627013566	1734627013659	OK	 
USER	Video Game DB Stress Test	END	1734627013660
REQUEST		Create New Game - Gran Turismo 3	1734627015383	1734627015466	OK	 
REQUEST		Get Last Posted Game - SimCity 2000	1734627015478	1734627015560	OK	 
REQUEST		Delete Game - Grand Theft Auto III	1734627015569	1734627015653	OK	 
USER	Video Game DB Stress Test	END	1734627015653
REQUEST		Get Last Posted Game - Gran Turismo 3	1734627017467	1734627017549	OK	 
REQUEST		Delete Game - SimCity 2000	1734627017562	1734627017644	OK	 
USER	Video Game DB Stress Test	END	1734627017645
REQUEST		Delete Game - Gran Turismo 3	1734627019550	1734627019633	OK	 
USER	Video Game DB Stress Test	END	1734627019634
