RUN	videogamedb.loadTesting.simulations.VideoGameDbSimulation	videogamedbsimulation	1734612333070	 	3.9.0
USER	Video Game DB Stress Test	START	1734612338826
REQUEST		Get all video games	1734612338824	1734612339285	OK	 
USER	Video Game DB Stress Test	START	1734612340805
REQUEST		Get all video games	1734612340804	1734612341267	OK	 
REQUEST		Authenticate	1734612341300	1734612341457	OK	 
USER	Video Game DB Stress Test	START	1734612342805
REQUEST		Get all video games	1734612342804	1734612343261	OK	 
REQUEST		Authenticate	1734612343268	1734612343424	OK	 
REQUEST		Create New Game - Minecraft	1734612343499	1734612343657	OK	 
USER	Video Game DB Stress Test	START	1734612344805
REQUEST		Get all video games	1734612344804	1734612345261	OK	 
REQUEST		Authenticate	1734612345263	1734612345421	OK	 
REQUEST		Create New Game - The Legend of Zelda: Ocarina of Time	1734612345426	1734612345578	OK	 
REQUEST		Get Last Posted Game - Minecraft	1734612345661	1734612345821	OK	 
USER	Video Game DB Stress Test	START	1734612346804
REQUEST		Get all video games	1734612346804	1734612347263	OK	 
REQUEST		Authenticate	1734612347262	1734612347418	OK	 
REQUEST		Create New Game - Tetris	1734612347422	1734612347580	OK	 
REQUEST		Get Last Posted Game - The Legend of Zelda: Ocarina of Time	1734612347579	1734612347731	OK	 
REQUEST		Delete Game - Minecraft	1734612347824	1734612347979	OK	 
USER	Video Game DB Stress Test	END	1734612347983
REQUEST		Authenticate	1734612349264	1734612349420	OK	 
REQUEST		Create New Game - Super Mario 64	1734612349420	1734612349573	OK	 
REQUEST		Get Last Posted Game - Tetris	1734612349581	1734612349738	OK	 
REQUEST		Delete Game - The Legend of Zelda: Ocarina of Time	1734612349733	1734612349891	OK	 
USER	Video Game DB Stress Test	END	1734612349892
REQUEST		Create New Game - Grand Theft Auto III	1734612351422	1734612351578	OK	 
REQUEST		Get Last Posted Game - Super Mario 64	1734612351574	1734612351726	OK	 
REQUEST		Delete Game - Tetris	1734612351740	1734612351894	OK	 
USER	Video Game DB Stress Test	END	1734612351895
REQUEST		Get Last Posted Game - Grand Theft Auto III	1734612353580	1734612353736	OK	 
REQUEST		Delete Game - Super Mario 64	1734612353728	1734612353884	OK	 
USER	Video Game DB Stress Test	END	1734612353885
REQUEST		Delete Game - Grand Theft Auto III	1734612355738	1734612355892	OK	 
USER	Video Game DB Stress Test	END	1734612355893
