RUN	videogamedb.loadTesting.simulations.VideoGameDbSimulation	videogamedbsimulation	1734612359992	 	3.9.0
USER	Video Game DB Stress Test	START	1734612365530
REQUEST		Get all video games	1734612365528	1734612365997	OK	 
USER	Video Game DB Stress Test	START	1734612367510
REQUEST		Get all video games	1734612367509	1734612367963	OK	 
REQUEST		Authenticate	1734612368010	1734612368164	OK	 
USER	Video Game DB Stress Test	START	1734612369511
REQUEST		Get all video games	1734612369510	1734612369969	OK	 
REQUEST		Authenticate	1734612369964	1734612370120	OK	 
REQUEST		Create New Game - Minecraft	1734612370203	1734612370359	OK	 
USER	Video Game DB Stress Test	START	1734612371511
REQUEST		Get all video games	1734612371510	1734612371965	OK	 
REQUEST		Authenticate	1734612371970	1734612372124	OK	 
REQUEST		Create New Game - Grand Theft Auto III	1734612372122	1734612372276	OK	 
REQUEST		Get Last Posted Game - Minecraft	1734612372362	1734612372516	OK	 
USER	Video Game DB Stress Test	START	1734612373510
REQUEST		Get all video games	1734612373509	1734612373963	OK	 
REQUEST		Authenticate	1734612373966	1734612374122	OK	 
REQUEST		Create New Game - Grand Theft Auto III	1734612374126	1734612374279	OK	 
REQUEST		Get Last Posted Game - Grand Theft Auto III	1734612374277	1734612374432	OK	 
REQUEST		Delete Game - Minecraft	1734612374519	1734612374674	OK	 
USER	Video Game DB Stress Test	END	1734612374678
REQUEST		Authenticate	1734612375964	1734612376119	OK	 
REQUEST		Create New Game - Grand Theft Auto III	1734612376124	1734612376277	OK	 
REQUEST		Get Last Posted Game - Grand Theft Auto III	1734612376280	1734612376432	OK	 
REQUEST		Delete Game - Grand Theft Auto III	1734612376433	1734612376585	OK	 
USER	Video Game DB Stress Test	END	1734612376586
REQUEST		Create New Game - SimCity 2000	1734612378122	1734612378275	OK	 
REQUEST		Get Last Posted Game - Grand Theft Auto III	1734612378278	1734612378429	OK	 
REQUEST		Delete Game - Grand Theft Auto III	1734612378434	1734612378596	OK	 
USER	Video Game DB Stress Test	END	1734612378598
REQUEST		Get Last Posted Game - SimCity 2000	1734612380276	1734612380431	OK	 
REQUEST		Delete Game - Grand Theft Auto III	1734612380431	1734612380586	OK	 
USER	Video Game DB Stress Test	END	1734612380587
REQUEST		Delete Game - SimCity 2000	1734612382434	1734612382596	OK	 
USER	Video Game DB Stress Test	END	1734612382597
