RUN	videogamedb.loadTesting.simulations.VideoGameDbSimulation	videogamedbsimulation	1734625774183	 	3.9.0
USER	Video Game DB Stress Test	START	1734625780017
REQUEST		Get all video games	1734625780016	1734625780324	OK	 
USER	Video Game DB Stress Test	START	1734625781999
REQUEST		Get all video games	1734625781998	1734625782309	OK	 
REQUEST		Authenticate	1734625782339	1734625782442	OK	 
USER	Video Game DB Stress Test	START	1734625783999
REQUEST		Get all video games	1734625783999	1734625784306	OK	 
REQUEST		Authenticate	1734625784310	1734625784423	OK	 
REQUEST		Create New Game - Super Mario 64	1734625784483	1734625784589	OK	 
USER	Video Game DB Stress Test	START	1734625785999
REQUEST		Get all video games	1734625785998	1734625786306	OK	 
REQUEST		Authenticate	1734625786307	1734625786411	OK	 
REQUEST		Create New Game - Super Mario 64	1734625786425	1734625786534	OK	 
REQUEST		Get Last Posted Game - Super Mario 64	1734625786593	1734625786693	OK	 
USER	Video Game DB Stress Test	START	1734625787998
REQUEST		Get all video games	1734625787998	1734625788311	OK	 
REQUEST		Authenticate	1734625788307	1734625788412	OK	 
REQUEST		Create New Game - Final Fantasy VII	1734625788413	1734625788519	OK	 
REQUEST		Get Last Posted Game - Super Mario 64	1734625788535	1734625788639	OK	 
REQUEST		Delete Game - Super Mario 64	1734625788696	1734625788798	OK	 
USER	Video Game DB Stress Test	END	1734625788802
REQUEST		Authenticate	1734625790312	1734625790417	OK	 
REQUEST		Create New Game - Resident Evil 4	1734625790414	1734625790523	OK	 
REQUEST		Get Last Posted Game - Final Fantasy VII	1734625790520	1734625790622	OK	 
REQUEST		Delete Game - Super Mario 64	1734625790640	1734625790749	OK	 
USER	Video Game DB Stress Test	END	1734625790750
REQUEST		Create New Game - The Legend of Zelda: Ocarina of Time	1734625792419	1734625792525	OK	 
REQUEST		Get Last Posted Game - Resident Evil 4	1734625792525	1734625792628	OK	 
REQUEST		Delete Game - Final Fantasy VII	1734625792624	1734625792730	OK	 
USER	Video Game DB Stress Test	END	1734625792731
REQUEST		Get Last Posted Game - The Legend of Zelda: Ocarina of Time	1734625794527	1734625794633	OK	 
REQUEST		Delete Game - Resident Evil 4	1734625794629	1734625794737	OK	 
USER	Video Game DB Stress Test	END	1734625794738
REQUEST		Delete Game - The Legend of Zelda: Ocarina of Time	1734625796635	1734625796738	OK	 
USER	Video Game DB Stress Test	END	1734625796739
