RUN	videogamedb.loadTesting.simulations.VideoGameDbSimulation	videogamedbsimulation	1734611263914	 	3.9.0
USER	Video Game DB Stress Test	START	1734611269455
REQUEST		Get all video games	1734611269453	1734611269923	OK	 
USER	Video Game DB Stress Test	START	1734611271435
REQUEST		Get all video games	1734611271435	1734611271890	OK	 
REQUEST		Authenticate	1734611271937	1734611272093	OK	 
USER	Video Game DB Stress Test	START	1734611273435
REQUEST		Get all video games	1734611273434	1734611273895	OK	 
REQUEST		Authenticate	1734611273891	1734611274043	OK	 
REQUEST		Create New Game - Doom	1734611274132	1734611274287	OK	 
USER	Video Game DB Stress Test	START	1734611275434
REQUEST		Get all video games	1734611275434	1734611275891	OK	 
REQUEST		Authenticate	1734611275896	1734611276056	OK	 
REQUEST		Create New Game - Super Mario 64	1734611276046	1734611276210	OK	 
REQUEST		Get Last Posted Game - Doom	1734611276291	1734611276445	OK	 
USER	Video Game DB Stress Test	START	1734611277434
REQUEST		Get all video games	1734611277434	1734611277896	OK	 
REQUEST		Authenticate	1734611277893	1734611278052	OK	 
REQUEST		Create New Game - The Legend of Zelda: Ocarina of Time	1734611278058	1734611278220	OK	 
REQUEST		Get Last Posted Game - Super Mario 64	1734611278211	1734611278362	OK	 
REQUEST		Delete Game - Doom	1734611278449	1734611278604	OK	 
USER	Video Game DB Stress Test	END	1734611278608
REQUEST		Authenticate	1734611279897	1734611280052	OK	 
REQUEST		Create New Game - SimCity 2000	1734611280054	1734611280212	OK	 
REQUEST		Get Last Posted Game - The Legend of Zelda: Ocarina of Time	1734611280221	1734611280373	OK	 
REQUEST		Delete Game - Super Mario 64	1734611280365	1734611280522	OK	 
USER	Video Game DB Stress Test	END	1734611280523
REQUEST		Create New Game - Gran Turismo 3	1734611282054	1734611282223	OK	 
REQUEST		Get Last Posted Game - SimCity 2000	1734611282213	1734611282369	OK	 
REQUEST		Delete Game - The Legend of Zelda: Ocarina of Time	1734611282375	1734611282541	OK	 
USER	Video Game DB Stress Test	END	1734611282542
REQUEST		Get Last Posted Game - Gran Turismo 3	1734611284224	1734611284378	OK	 
REQUEST		Delete Game - SimCity 2000	1734611284371	1734611284527	OK	 
USER	Video Game DB Stress Test	END	1734611284528
REQUEST		Delete Game - Gran Turismo 3	1734611286380	1734611286539	OK	 
USER	Video Game DB Stress Test	END	1734611286540
